\BOOKMARK [1][-]{section.1}{\376\377\133\374\213\272}{}% 1
\BOOKMARK [1][-]{section.2}{\376\377\133\232\116\111}{}% 2
\BOOKMARK [1][-]{section.3}{\376\377\221\317\123\026\143\007\150\007}{}% 3
\BOOKMARK [1][-]{section.4}{\376\377\145\160\143\156\131\004\164\006}{}% 4
\BOOKMARK [2][-]{subsection.4.1}{\376\377\123\273\137\002\136\070\000\050\000W\000i\000n\000s\000o\000r\000i\000z\000e\000\051}{section.4}% 5
\BOOKMARK [2][-]{subsection.4.2}{\376\377\123\273\221\317\176\262\000\050\000M\000e\000a\000s\000u\000r\000e\000m\000e\000n\000t\000\040\000U\000n\000i\000t\000\051}{section.4}% 6
\BOOKMARK [2][-]{subsection.4.3}{\376\377\116\055\140\047\123\026\000\050\000N\000e\000u\000t\000r\000a\000l\000i\000z\000e\000\051}{section.4}% 7
\BOOKMARK [2][-]{subsection.4.4}{\376\377\121\166\133\203}{section.4}% 8
\BOOKMARK [1][-]{section.5}{\376\377\126\340\133\120\122\006\174\173}{}% 9
\BOOKMARK [2][-]{subsection.5.1}{\376\377\143\011\161\147\126\340\133\120\147\145\156\220}{section.5}% 10
\BOOKMARK [2][-]{subsection.5.2}{\376\377\143\011\161\147\230\316\226\151\147\145\156\220}{section.5}% 11
\BOOKMARK [2][-]{subsection.5.3}{\376\377\127\372\116\216\215\042\122\241\143\007\150\007}{section.5}% 12
\BOOKMARK [1][-]{section.6}{\376\377\126\340\133\120\143\026\143\230\000\050\126\340\133\120\136\223\147\204\136\372\000\051}{}% 13
\BOOKMARK [2][-]{subsection.6.1}{\376\377\116\000\116\233\210\253\142\233\137\003\166\204\126\340\133\120}{section.6}% 14
\BOOKMARK [2][-]{subsection.6.2}{\376\377\162\171\137\002\136\246}{section.6}% 15
\BOOKMARK [2][-]{subsection.6.3}{\376\377\136\002\120\074\214\003\145\164\143\142\142\113}{section.6}% 16
\BOOKMARK [2][-]{subsection.6.4}{\376\377\126\340\133\120\143\026\143\230\116\244\146\023\160\355\136\246}{section.6}% 17
\BOOKMARK [3][-]{subsubsection.6.4.1}{\376\377\000B\000a\000s\000i\000c\000\040\000F\000o\000r\000m\000s}{subsection.6.4}% 18
\BOOKMARK [3][-]{subsubsection.6.4.2}{\376\377\000I\000m\000p\000o\000r\000v\000e\000d}{subsection.6.4}% 19
\BOOKMARK [1][-]{section.7}{\376\377\126\340\133\120\150\300\232\214}{}% 20
\BOOKMARK [2][-]{subsection.7.1}{\376\377\123\125\126\340\133\120\150\300\232\214}{section.7}% 21
\BOOKMARK [2][-]{subsection.7.2}{\376\377\123\125\126\340\133\120\150\300\232\214\000I\000I\040\024\122\124\226\144\210\114\116\032\377\014\230\316\150\074\124\016}{section.7}% 22
\BOOKMARK [2][-]{subsection.7.3}{\376\377\126\340\133\120\225\364\166\204\166\370\121\163\140\047\176\323\147\204}{section.7}% 23
\BOOKMARK [2][-]{subsection.7.4}{\376\377\126\340\133\120\166\204\000I\000C\166\204\166\370\121\163\174\373\145\160}{section.7}% 24
\BOOKMARK [2][-]{subsection.7.5}{\376\377\165\221\225\356}{section.7}% 25
\BOOKMARK [1][-]{section.8}{\376\377\000a\000l\000p\000h\000a\133\371\121\262}{}% 26
\BOOKMARK [2][-]{subsection.8.1}{\376\377\166\356\150\007\121\375\145\160\147\204\136\372}{section.8}% 27
\BOOKMARK [3][-]{subsubsection.8.1.1}{\376\377\000a\000l\000p\000h\000a\152\041\127\213}{subsection.8.1}% 28
\BOOKMARK [3][-]{subsubsection.8.1.2}{\376\377\230\316\226\151\152\041\127\213}{subsection.8.1}% 29
\BOOKMARK [3][-]{subsubsection.8.1.3}{\376\377\142\020\147\054\152\041\127\213}{subsection.8.1}% 30
\BOOKMARK [2][-]{subsection.8.2}{\376\377\117\030\123\026\225\356\230\230}{section.8}% 31
\BOOKMARK [3][-]{subsubsection.8.2.1}{\376\377\000B\000a\000s\000i\000c\000\040\000F\000o\000r\000m}{subsection.8.2}% 32
\BOOKMARK [1][-]{section.9}{\376\377\126\340\133\120\143\026\143\230\040\024\116\244\146\023\210\114\116\072\174\173}{}% 33
\BOOKMARK [2][-]{subsection.9.1}{\376\377\142\225\215\104\220\073\217\221}{section.9}% 34
\BOOKMARK [2][-]{subsection.9.2}{\376\377\143\007\150\007\147\204\136\372}{section.9}% 35
\BOOKMARK [2][-]{subsection.9.3}{\376\377\116\244\146\023\160\355\136\246\000I}{section.9}% 36
\BOOKMARK [2][-]{subsection.9.4}{\376\377\116\244\146\023\160\355\136\246\000I\000I}{section.9}% 37
\BOOKMARK [1][-]{section.10}{\376\377\126\340\133\120\143\026\143\230\040\024\116\367\135\356\120\117\171\373\136\246}{}% 38
\BOOKMARK [2][-]{subsection.10.1}{\376\377\142\225\215\104\220\073\217\221}{section.10}% 39
\BOOKMARK [2][-]{subsection.10.2}{\376\377\143\007\150\007\147\204\136\372}{section.10}% 40
\BOOKMARK [2][-]{subsection.10.3}{\376\377\126\340\133\120\150\300\232\214}{section.10}% 41
\BOOKMARK [3][-]{subsubsection.10.3.1}{\376\377\122\006\176\304}{subsection.10.3}% 42
\BOOKMARK [3][-]{subsubsection.10.3.2}{\376\377\166\370\121\163\140\047\122\006\147\220}{subsection.10.3}% 43
\BOOKMARK [1][-]{section.11}{\376\377\214\003\116\323\230\221\163\207}{}% 44
\BOOKMARK [1][-]{section.12}{\376\377\116\000\116\233\147\011\137\205\211\343\121\263\166\204\225\356\230\230}{}% 45
\BOOKMARK [2][-]{subsection.12.1}{\376\377\210\114\116\032\116\055\140\047\123\026\166\204\166\370\121\163\225\356\230\230}{section.12}% 46
\BOOKMARK [1][-]{section.13}{\376\377\170\024\142\245\226\005\213\373\116\000}{}% 47
\BOOKMARK [2][-]{subsection.13.1}{\376\377\123\125\126\340\133\120\147\011\145\110\140\047\150\300\232\214}{section.13}% 48
\BOOKMARK [2][-]{subsection.13.2}{\376\377\123\125\126\340\133\120\150\300\232\214}{section.13}% 49
\BOOKMARK [3][-]{subsubsection.13.2.1}{\376\377\000O\000L\000S\000\040\000v\000.\000s\000.\000\040\000R\000o\000b\000u\000s\000t}{subsection.13.2}% 50
\BOOKMARK [3][-]{subsubsection.13.2.2}{\376\377\145\164\117\123\126\336\137\122\000\040\000v\000.\000s\000.\000\040\143\011\147\010\136\246\126\336\137\122}{subsection.13.2}% 51
\BOOKMARK [3][-]{subsubsection.13.2.3}{\376\377\166\370\121\163\174\373\145\160\166\204\136\246\221\317}{subsection.13.2}% 52
\BOOKMARK [3][-]{subsubsection.13.2.4}{\376\377\146\057\124\046\136\224\137\123\210\114\116\032\116\055\140\047\123\026}{subsection.13.2}% 53
\BOOKMARK [3][-]{subsubsection.13.2.5}{\376\377\124\014\124\021\146\076\204\127\153\324\117\213\377\014\162\266\140\001\122\007\143\142\153\324\117\213}{subsection.13.2}% 54
\BOOKMARK [2][-]{subsection.13.3}{\376\377\176\323\147\234\134\125\171\072\123\312\116\032\165\114\220\032\165\050\120\132\154\325}{section.13}% 55
\BOOKMARK [1][-]{section.14}{\376\377\170\024\142\245\226\005\213\373\116\214\040\024\162\171\215\050\154\342\122\250\163\207}{}% 56
\BOOKMARK [2][-]{subsection.14.1}{\376\377\163\260\214\141\123\312\176\323\213\272}{section.14}% 57
\BOOKMARK [1][-]{section.15}{\376\377\170\024\142\245\226\005\213\373\116\011\040\024\116\244\146\023\210\114\116\072\116\016\200\241\171\150\145\066\166\312}{}% 58
\BOOKMARK [2][-]{subsection.15.1}{\376\377\116\244\146\023\210\114\116\072\174\173\143\007\150\007}{section.15}% 59
\BOOKMARK [3][-]{subsubsection.15.1.1}{\376\377\162\171\215\050\154\342\122\250\163\207}{subsection.15.1}% 60
\BOOKMARK [3][-]{subsubsection.15.1.2}{\376\377\162\171\137\002\136\246}{subsection.15.1}% 61
\BOOKMARK [3][-]{subsubsection.15.1.3}{\376\377\116\367\150\074\145\366\156\336}{subsection.15.1}% 62
\BOOKMARK [3][-]{subsubsection.15.1.4}{\376\377\232\330\143\142\142\113}{subsection.15.1}% 63
\BOOKMARK [1][-]{section.16}{\376\377\170\024\142\245\226\005\213\373\126\333}{}% 64
\BOOKMARK [1][-]{section.17}{\376\377\170\024\142\245\226\005\213\373\116\224}{}% 65
\BOOKMARK [1][-]{section.18}{\376\377\170\024\142\245\226\005\213\373\121\155}{}% 66
\BOOKMARK [1][-]{section.19}{\376\377\170\024\142\245\226\005\213\373\116\003}{}% 67
\BOOKMARK [1][-]{section.20}{\376\377\170\024\142\245\226\005\213\373\121\153\040\024\122\250\140\001\140\305\146\157\131\032\126\340\133\120\000A\000l\000p\000h\000a\152\041\127\213}{}% 68
\BOOKMARK [2][-]{subsection.20.1}{\376\377\000A\000l\000p\000h\000a\152\041\127\213\166\204\147\204\136\372}{section.20}% 69
\BOOKMARK [1][-]{section.21}{\376\377\170\024\142\245\226\005\213\373\116\135\040\024\145\345\121\205\153\213\135\356\232\330\226\066\167\351\116\016\200\241\171\150\145\066\166\312}{}% 70
