mktextfm FangSong/OT
mktextfm FangSong/OT
mktextfm FangSong/OT
mktextfm FangSong/BI/OT
mktextfm FangSong/OT
mktextfm FangSong/B/OT
mktextfm FangSong/OT
mktextfm FangSong/I/OT
mktextfm FangSong/OT
mktextfm FangSong/OT
mktextfm FangSong/OT
mktextfm FangSong/OT
mktextfm FangSong/OT
mktextfm FangSong/BI/OT
mktextfm FangSong/OT
mktextfm FangSong/B/OT
mktextfm FangSong/OT
mktextfm FangSong/I/OT
mktextfm FangSong/OT
mktextfm FangSong/OT
mktextfm SimSun/OT
mktextfm SimSun/OT
mktextfm SimSun/OT
mktextfm SimSun/OT
mktextfm SimSun/OT
mktextfm SimSun/OT
mktextfm SimSun/OT
mktextfm SimSun/OT
mktextfm SimSun/OT
mktextfm SimSun/OT
mktextfm SimSun/OT
mktextfm SimSun/OT
mktextfm FZFangSong-Z02/OT
mktextfm FZFangSong-Z02/OT
mktextfm FZFangSong-Z02/OT
mktextfm FZFangSong-Z02/BI/OT
mktextfm FZFangSong-Z02/OT
mktextfm FZFangSong-Z02/B/OT
mktextfm FZFangSong-Z02/OT
mktextfm FZFangSong-Z02/I/OT
mktextfm FZFangSong-Z02/OT
mktextfm FZFangSong-Z02/OT
mktextfm FZFangSong-Z02/OT
mktextfm FZFangSong-Z02/OT
mktextfm FZFangSong-Z02/OT
mktextfm FZFangSong-Z02/OT
mktextfm FZFangSong-Z02/OT
mktextfm FZFangSong-Z02/BI/OT
mktextfm FZFangSong-Z02/OT
mktextfm FZFangSong-Z02/B/OT
mktextfm FZFangSong-Z02/OT
mktextfm FZFangSong-Z02/I/OT
mktextfm FZFangSong-Z02/OT
mktextfm FZFangSong-Z02/OT
mktextfm FZFangSong-Z02/OT
mktextfm FZFangSong-Z02/OT
mktextfm FZFangSong-Z02/OT
mktextfm FZFangSong-Z02/OT
mktextfm FZFangSong-Z02/OT
mktextfm FZFangSong-Z02/BI/OT
mktextfm FZFangSong-Z02/OT
mktextfm FZFangSong-Z02/B/OT
mktextfm FZFangSong-Z02/OT
mktextfm FZFangSong-Z02/I/OT
mktextfm FZFangSong-Z02/OT
mktextfm FZFangSong-Z02/OT
mktextfm FZFangSong-Z02/OT
mktextfm FZFangSong-Z02/OT
mktextfm FZShuSong-Z01/OT
mktextfm FZShuSong-Z01/OT
mktextfm FZKai-Z03/OT
mktextfm FZKai-Z03/B/OT
mktextfm Source
mktextfm Source
mktextfm FZShuSong-Z01/OT
mktextfm FZShuSong-Z01/BI/OT
mktextfm FZShuSong-Z01/OT
mktextfm FZShuSong-Z01/OT
mktextfm Source
mktextfm Source
mktextfm FZKai-Z03/OT
mktextfm FZKai-Z03/OT
mktextfm FZShuSong-Z01/OT
mktextfm FZShuSong-Z01/OT
mktextfm FZShuSong-Z01/OT
mktextfm FZShuSong-Z01/OT
mktextfm FZKai-Z03/OT
mktextfm FZKai-Z03/B/OT
mktextfm Source
mktextfm Source
mktextfm FZShuSong-Z01/OT
mktextfm FZShuSong-Z01/BI/OT
mktextfm FZShuSong-Z01/OT
mktextfm FZShuSong-Z01/OT
mktextfm Source
mktextfm Source
mktextfm FZKai-Z03/OT
mktextfm FZKai-Z03/OT
mktextfm FZShuSong-Z01/OT
mktextfm FZShuSong-Z01/OT
mktexpk --mfmode / --bdpi 600 --mag 1+264/600 --dpi 864 unisong60
mktexpk --mfmode / --bdpi 600 --mag 1+264/600 --dpi 864 unisong60
mktextfm FangSong/OT
mktextfm FangSong/OT
mktextfm FangSong/OT
mktextfm FangSong/BI/OT
mktextfm FangSong/OT
mktextfm FangSong/B/OT
mktextfm FangSong/OT
mktextfm FangSong/I/OT
mktextfm FangSong/OT
mktextfm FangSong/OT
mktextfm FangSong/OT
mktextfm FangSong/OT
mktextfm FangSong/OT
mktextfm FangSong/BI/OT
mktextfm FangSong/OT
mktextfm FangSong/B/OT
mktextfm FangSong/OT
mktextfm FangSong/I/OT
mktextfm FangSong/OT
mktextfm FangSong/OT
