\BOOKMARK [1][-]{section.1}{\376\377\133\374\213\272}{}% 1
\BOOKMARK [1][-]{section.2}{\376\377\000C\000o\000p\000u\000l\000a\166\204\116\000\116\233\221\315\211\201\176\323\213\272}{}% 2
\BOOKMARK [2][-]{subsection.2.1}{\376\377\116\000\202\054\226\217\147\072\124\021\221\317\124\214\000C\000o\000p\000u\000l\000a\166\204\121\163\174\373}{section.2}% 3
\BOOKMARK [1][-]{section.3}{\376\377\000D\000e\000p\000e\000n\000d\000e\000n\000c\000e\000\040\000M\000e\000a\000s\000u\000r\000e\000s}{}% 4
\BOOKMARK [2][-]{subsection.3.1}{\376\377\166\370\121\163\174\373\145\160}{section.3}% 5
\BOOKMARK [3][-]{subsubsection.3.1.1}{\376\377\000P\000e\000a\000r\000s\000o\000n\000\040\000r\000h\000o}{subsection.3.1}% 6
\BOOKMARK [3][-]{subsubsection.3.1.2}{\376\377\000S\000p\000e\000a\000r\000m\000a\000n\000\040\000r\000h\000o}{subsection.3.1}% 7
\BOOKMARK [3][-]{subsubsection.3.1.3}{\376\377\000K\000e\000n\000d\000a\000l\000l\000\040\000t\000a\000u}{subsection.3.1}% 8
\BOOKMARK [2][-]{subsection.3.2}{\376\377\124\004\116\052\166\370\121\163\174\373\145\160\116\113\225\364\166\204\121\163\174\373}{section.3}% 9
\BOOKMARK [2][-]{subsection.3.3}{\376\377\134\076\220\350\166\370\117\235\140\047}{section.3}% 10
\BOOKMARK [2][-]{subsection.3.4}{\376\377\120\117\166\370\121\163\174\373\145\160\377\014\147\141\116\366\166\370\121\163\174\373\145\160}{section.3}% 11
\BOOKMARK [1][-]{section.4}{\376\377\000B\000i\000v\000a\000r\000i\000a\000t\000e\000\050\000E\000x\000p\000l\000i\000c\000i\000t\000\051\000\040\000C\000o\000p\000u\000l\000a\000\040\000C\000l\000a\000s\000s\000e\000s}{}% 12
\BOOKMARK [2][-]{subsection.4.1}{\376\377\000G\000a\000u\000s\000s\000i\000a\000n\000\040\000C\000o\000p\000u\000l\000a}{section.4}% 13
\BOOKMARK [2][-]{subsection.4.2}{\376\377\000t\000\040\000C\000o\000p\000u\000l\000a}{section.4}% 14
\BOOKMARK [1][-]{section.5}{\376\377\000A\000r\000c\000h\000i\000m\000e\000d\000e\000a\000n\000\040\000C\000o\000p\000u\000l\000a\000s}{}% 15
\BOOKMARK [2][-]{subsection.5.1}{\376\377\000S\000i\000m\000p\000l\000e\000\040\000A\000r\000c\000h\000i\000m\000e\000d\000e\000a\000n\000\040\000C\000o\000p\000u\000l\000a}{section.5}% 16
\BOOKMARK [2][-]{subsection.5.2}{\376\377\000L\000a\000p\000l\000a\000c\000e\000-\000L\000e\000b\000e\000s\000g\000u\000e\000-\000S\000t\000i\000e\000l\000t\000j\000e\000s\000\040\000T\000r\000a\000n\000s\000f\000o\000r\000m}{section.5}% 17
\BOOKMARK [2][-]{subsection.5.3}{\376\377\000N\000e\000s\000t\000e\000d\000\040\000A\000r\000c\000h\000i\000m\000e\000d\000e\000a\000n\000\040\000C\000o\000p\000u\000l\000a}{section.5}% 18
\BOOKMARK [2][-]{subsection.5.4}{\376\377\000S\000i\000m\000u\000l\000a\000t\000i\000o\000n\000s}{section.5}% 19
\BOOKMARK [1][-]{section.6}{\376\377\000t\000e\000s\000t}{}% 20
\BOOKMARK [1][-]{section.7}{\376\377\000A\000p\000p\000l\000i\000c\000a\000t\000i\000o\000n\000s\000\040\000i\000n\000\040\000A\000s\000s\000u\000r\000a\000n\000c\000e}{}% 21
\BOOKMARK [1][-]{section.8}{\376\377\000A\000p\000p\000l\000i\000c\000a\000t\000i\000o\000n\000s\000\040\000i\000n\000\040\000D\000e\000r\000i\000v\000a\000t\000i\000v\000e\000s}{}% 22
